-------------------------------------------------------------------------------
Test set: SpringStart.demo.DemoApplicationTests
-------------------------------------------------------------------------------
Tests run: 1, Failures: 0, Errors: 1, Skipped: 0, Time elapsed: 0.624 s <<< FAILURE! - in SpringStart.demo.DemoApplicationTests
SpringStart.demo.DemoApplicationTests  Time elapsed: 0.624 s  <<< ERROR!
java.lang.IllegalStateException: Unable to find a @SpringBootConfiguration, you need to use @ContextConfiguration or @SpringBootTest(classes=...) with your test

